<?xml version="1.0" encoding="UTF-8"?>
<!-- Generated by org.testng.reporters.JUnitReportReporter -->
<testsuite hostname="DESKTOP-JFEA9BO" failures="0" tests="5" name="testScript.LoginTest" time="-1747905408.000" errors="1" timestamp="2025-05-22T14:46:07 IST" skipped="4">
  <testcase classname="testScript.LoginTest" name="initializeBrowser" time="-1747905408.000">
    <error message="
Parameter &#039;browser&#039; is required by BeforeMethod on method initializeBrowser but has not been marked @Optional or defined
in C:\Users\NITHYA R NAIR\git\7rMartFinalProject\7rmartFinalProject\parallel.xml" type="org.testng.TestNGException">
      <![CDATA[org.testng.TestNGException: 
Parameter 'browser' is required by BeforeMethod on method initializeBrowser but has not been marked @Optional or defined
in C:\Users\NITHYA R NAIR\git\7rMartFinalProject\7rmartFinalProject\parallel.xml
at org.testng.internal.Parameters.createParams(Parameters.java:264)
at org.testng.internal.Parameters.createParametersForMethod(Parameters.java:352)
at org.testng.internal.Parameters.createParameters(Parameters.java:690)
at org.testng.internal.Parameters.createConfigurationParameters(Parameters.java:163)
at org.testng.internal.invokers.ConfigInvoker.invokeConfigurations(ConfigInvoker.java:313)
at org.testng.internal.invokers.TestInvoker.runConfigMethods(TestInvoker.java:833)
at org.testng.internal.invokers.TestInvoker.invokeMethod(TestInvoker.java:600)
at org.testng.internal.invokers.TestInvoker.invokeTestMethod(TestInvoker.java:230)
at org.testng.internal.invokers.MethodRunner.runInSequence(MethodRunner.java:63)
at org.testng.internal.invokers.TestInvoker$MethodInvocationAgent.invoke(TestInvoker.java:992)
at org.testng.internal.invokers.TestInvoker.invokeTestMethods(TestInvoker.java:203)
at org.testng.internal.invokers.TestMethodWorker.invokeTestMethods(TestMethodWorker.java:154)
at org.testng.internal.invokers.TestMethodWorker.run(TestMethodWorker.java:134)
at java.base/java.util.concurrent.Executors$RunnableAdapter.call(Executors.java:572)
at java.base/java.util.concurrent.FutureTask.run(FutureTask.java:317)
at org.testng.internal.thread.graph.TestNGFutureTask.run(TestNGFutureTask.java:22)
at java.base/java.util.concurrent.ThreadPoolExecutor.runWorker(ThreadPoolExecutor.java:1144)
at java.base/java.util.concurrent.ThreadPoolExecutor$Worker.run(ThreadPoolExecutor.java:642)
at java.base/java.lang.Thread.run(Thread.java:1583)
]]>
    </error>
  </testcase> <!-- initializeBrowser -->
  <testcase classname="testScript.LoginTest" name="verifyLoginIsSuccessfullWithValidCredentials" time="0.000">
    <skipped/>
  </testcase> <!-- verifyLoginIsSuccessfullWithValidCredentials -->
  <testcase classname="testScript.LoginTest" name="verifyUserNotabletoLoginWithInvalidCredentials" time="0.002">
    <skipped/>
  </testcase> <!-- verifyUserNotabletoLoginWithInvalidCredentials -->
  <testcase classname="testScript.LoginTest" name="verifyUserNotabletoLoginWithInvalidUsernamevalidPassword" time="0.000">
    <skipped/>
  </testcase> <!-- verifyUserNotabletoLoginWithInvalidUsernamevalidPassword -->
  <testcase classname="testScript.LoginTest" name="verifyUserNotabletoLoginWithValidUsernameInvalidPassword" time="0.002">
    <skipped/>
  </testcase> <!-- verifyUserNotabletoLoginWithValidUsernameInvalidPassword -->
</testsuite> <!-- testScript.LoginTest -->
