<?xml version="1.0" encoding="UTF-8"?>
<!-- Generated by org.testng.reporters.JUnitXMLReporter -->
<testsuite ignored="0" hostname="DESKTOP-JFEA9BO" failures="0" tests="5" name="Test" time="0.201" errors="0" timestamp="2025-05-22T14:46:07 IST">
  <testcase classname="automationCore.Base" name="@BeforeMethod initializeBrowser" time="-1.747905366962E9">
    <failure type="org.testng.TestNGException" message="
Parameter &amp;apos;browser&amp;apos; is required by BeforeMethod on method initializeBrowser but has not been marked @Optional or defined
in C:\Users\NITHYA R NAIR\git\7rMartFinalProject\7rmartFinalProject\parallel.xml">
      <![CDATA[org.testng.TestNGException: 
Parameter 'browser' is required by BeforeMethod on method initializeBrowser but has not been marked @Optional or defined
in C:\Users\NITHYA R NAIR\git\7rMartFinalProject\7rmartFinalProject\parallel.xml
at java.base/java.util.concurrent.Executors$RunnableAdapter.call(Executors.java:572)
at java.base/java.util.concurrent.FutureTask.run(FutureTask.java:317)
at java.base/java.util.concurrent.ThreadPoolExecutor.runWorker(ThreadPoolExecutor.java:1144)
at java.base/java.util.concurrent.ThreadPoolExecutor$Worker.run(ThreadPoolExecutor.java:642)
at java.base/java.lang.Thread.run(Thread.java:1583)
... Removed 14 stack frames]]>
    </failure>
  </testcase> <!-- @BeforeMethod initializeBrowser -->
  <testcase classname="automationCore.Base" name="@BeforeMethod initializeBrowser" time="-1.747905366962E9">
    <failure type="org.testng.TestNGException" message="
Parameter &amp;apos;browser&amp;apos; is required by BeforeMethod on method initializeBrowser but has not been marked @Optional or defined
in C:\Users\NITHYA R NAIR\git\7rMartFinalProject\7rmartFinalProject\parallel.xml">
      <![CDATA[org.testng.TestNGException: 
Parameter 'browser' is required by BeforeMethod on method initializeBrowser but has not been marked @Optional or defined
in C:\Users\NITHYA R NAIR\git\7rMartFinalProject\7rmartFinalProject\parallel.xml
at java.base/java.util.concurrent.Executors$RunnableAdapter.call(Executors.java:572)
at java.base/java.util.concurrent.FutureTask.run(FutureTask.java:317)
at java.base/java.util.concurrent.ThreadPoolExecutor.runWorker(ThreadPoolExecutor.java:1144)
at java.base/java.util.concurrent.ThreadPoolExecutor$Worker.run(ThreadPoolExecutor.java:642)
at java.base/java.lang.Thread.run(Thread.java:1583)
... Removed 14 stack frames]]>
    </failure>
  </testcase> <!-- @BeforeMethod initializeBrowser -->
  <testcase classname="automationCore.Base" name="@AfterMethod driverQuit" time="0.0">
    <skipped/>
  </testcase> <!-- @AfterMethod driverQuit -->
  <testcase classname="automationCore.Base" name="@AfterMethod driverQuit" time="0.0">
    <skipped/>
  </testcase> <!-- @AfterMethod driverQuit -->
  <testcase classname="automationCore.Base" name="@BeforeMethod initializeBrowser" time="0.0">
    <skipped/>
  </testcase> <!-- @BeforeMethod initializeBrowser -->
  <testcase classname="automationCore.Base" name="@AfterMethod driverQuit" time="0.0">
    <skipped/>
  </testcase> <!-- @AfterMethod driverQuit -->
  <testcase classname="automationCore.Base" name="@BeforeMethod initializeBrowser" time="0.0">
    <skipped/>
  </testcase> <!-- @BeforeMethod initializeBrowser -->
  <testcase classname="automationCore.Base" name="@AfterMethod driverQuit" time="0.0">
    <skipped/>
  </testcase> <!-- @AfterMethod driverQuit -->
  <testcase classname="automationCore.Base" name="@BeforeMethod initializeBrowser" time="0.0">
    <skipped/>
  </testcase> <!-- @BeforeMethod initializeBrowser -->
  <testcase classname="automationCore.Base" name="@AfterMethod driverQuit" time="0.0">
    <skipped/>
  </testcase> <!-- @AfterMethod driverQuit -->
  <testcase classname="testScript.LoginTest" name="verifyLoginIsSuccessfullWithValidCredentials" time="0.0">
    <skipped/>
  </testcase> <!-- verifyLoginIsSuccessfullWithValidCredentials -->
  <testcase classname="testScript.HomeTest" name="verifyLoginIsSuccessfullWithValidCredentials" time="0.0">
    <skipped/>
  </testcase> <!-- verifyLoginIsSuccessfullWithValidCredentials -->
  <testcase classname="testScript.LoginTest" name="verifyUserNotabletoLoginWithInvalidCredentials" time="0.002">
    <skipped/>
  </testcase> <!-- verifyUserNotabletoLoginWithInvalidCredentials -->
  <testcase classname="testScript.LoginTest" name="verifyUserNotabletoLoginWithInvalidUsernamevalidPassword" time="0.0">
    <skipped/>
  </testcase> <!-- verifyUserNotabletoLoginWithInvalidUsernamevalidPassword -->
  <testcase classname="testScript.LoginTest" name="verifyUserNotabletoLoginWithValidUsernameInvalidPassword" time="0.002">
    <skipped/>
  </testcase> <!-- verifyUserNotabletoLoginWithValidUsernameInvalidPassword -->
</testsuite> <!-- Test -->
